This is pdfTeX, Version 3.14159265-2.6-1.40.20 (MiKTeX 2.9.7140 64-bit) (preloaded format=pdflatex 2019.9.10)  26 JAN 2021 11:03
entering extended mode
**d:/UNI/Comp220/Proposal/Poster/Poster.tex
(d:/UNI/Comp220/Proposal/Poster/Poster.tex
LaTeX2e <2018-12-01>
(D:\Programs\LaTeX\tex/latex/base\article.cls
Document Class: article 2018/09/03 v1.4i Standard LaTeX document class
(D:\Programs\LaTeX\tex/latex/base\size12.clo
File: size12.clo 2018/09/03 v1.4i Standard LaTeX file (size option)
)
\c@part=\count80
\c@section=\count81
\c@subsection=\count82
\c@subsubsection=\count83
\c@paragraph=\count84
\c@subparagraph=\count85
\c@figure=\count86
\c@table=\count87
\abovecaptionskip=\skip41
\belowcaptionskip=\skip42
\bibindent=\dimen102
) (d:/UNI\Comp220\Proposal\Poster\Poster.aux)
\openout1 = `Poster.aux'.

LaTeX Font Info:    Checking defaults for OML/cmm/m/it on input line 5.
LaTeX Font Info:    ... okay on input line 5.
LaTeX Font Info:    Checking defaults for T1/cmr/m/n on input line 5.
LaTeX Font Info:    ... okay on input line 5.
LaTeX Font Info:    Checking defaults for OT1/cmr/m/n on input line 5.
LaTeX Font Info:    ... okay on input line 5.
LaTeX Font Info:    Checking defaults for OMS/cmsy/m/n on input line 5.
LaTeX Font Info:    ... okay on input line 5.
LaTeX Font Info:    Checking defaults for OMX/cmex/m/n on input line 5.
LaTeX Font Info:    ... okay on input line 5.
LaTeX Font Info:    Checking defaults for U/cmr/m/n on input line 5.
LaTeX Font Info:    ... okay on input line 5.
 [1

{C:/Users/matth/AppData/Local/MiKTeX/2.9/pdftex/config/pdftex.map}] (d:/UNI\Comp220\Proposal\Poster\Poster.aux) ) 
Here is how much of TeX's memory you used:
 210 strings out of 492895
 2421 string characters out of 3138151
 59742 words of memory out of 3000000
 4208 multiletter control sequences out of 15000+200000
 4544 words of font info for 17 fonts, out of 3000000 for 9000
 1141 hyphenation exceptions out of 8191
 22i,4n,19p,151b,107s stack positions out of 5000i,500n,10000p,200000b,50000s
<D:/Programs/LaTeX/fonts/type1/public/amsfonts/cm/cmbx12.pfb><D:/Programs/LaTeX/fonts/type1/public/amsfonts/cm/cmr12.pfb>
Output written on d:/UNI\Comp220\Proposal\Poster\Poster.pdf (1 page, 15897 bytes).
PDF statistics:
 14 PDF objects out of 1000 (max. 8388607)
 0 named destinations out of 1000 (max. 500000)
 1 words of extra memory for PDF output out of 10000 (max. 10000000)

